<?xml version="1.0" encoding="UTF-8"?>
<!-- Generated by org.testng.reporters.JUnitXMLReporter -->
<testsuite hostname="holbmac0323" name="EmptyList" tests="4" failures="0" timestamp="17 Aug 2016 09:15:26 GMT" time="751.719" errors="0">
  <testcase name="test" time="149.286" classname="com.smartshop.appiumtests.Appium_Tests.tests.TestListEmpty"/>
  <testcase name="testEmptyListLongpress" time="151.597" classname="com.smartshop.appiumtests.Appium_Tests.tests.TestEmptyListLongpress"/>
  <testcase name="RenameList" time="86.052" classname="com.smartshop.appiumtests.Appium_Tests.tests.TestRenameList"/>
  <testcase name="testscandelete" time="259.446" classname="com.smartshop.appiumtests.Appium_Tests.tests.TestScanDelete"/>
</testsuite> <!-- EmptyList -->
